# JRE version: OpenJDK Runtime Environment (17.0.7) (build 17.0.7+0-b2043.56-10550314)
# Java VM: OpenJDK 64-Bit Server VM (17.0.7+0-b2043.56-10550314, mixed mode, tiered, compressed oops, compressed class ptrs, g1 gc, windows-amd64)
GC Precious Log:
 CPUs: 4 total, 4 available
 Memory: 3521M
 Large Page Support: Disabled
 NUMA Support: Disabled
 Compressed Oops: Enabled (32-bit)
 Heap Region Size: 1M
 Heap Min Capacity: 8M
 Heap Initial Capacity: 56M
 Heap Max Capacity: 882M
 Pre-touch: Disabled
 Parallel Workers: 4
 Concurrent Workers: 1
 Concurrent Refinement Workers: 4
 Periodic GC: Disabled
Heap:
 garbage-first heap   total 106496K, used 49575K [0x00000000c8e00000, 0x0000000100000000)
  region size 1024K, 15 young (15360K), 1 survivors (1024K)
 Metaspace       used 46855K, committed 47104K, reserved 1114112K
  class space    used 5537K, committed 5632K, reserved 1048576K
GC Heap History (20 events):
Event: 9.520 GC heap before
{Heap before GC invocations=9 (full 0):
 garbage-first heap   total 35840K, used 24789K [0x00000000c8e00000, 0x0000000100000000)
  region size 1024K, 12 young (12288K), 2 survivors (2048K)
 Metaspace       used 33960K, committed 34176K, reserved 1114112K
  class space    used 4131K, committed 4224K, reserved 1048576K
}
Event: 9.527 GC heap after
{Heap after GC invocations=10 (full 0):
 garbage-first heap   total 46080K, used 16963K [0x00000000c8e00000, 0x0000000100000000)
  region size 1024K, 2 young (2048K), 2 survivors (2048K)
 Metaspace       used 33960K, committed 34176K, reserved 1114112K
  class space    used 4131K, committed 4224K, reserved 1048576K
}
Event: 9.868 GC heap before
{Heap before GC invocations=10 (full 0):
 garbage-first heap   total 46080K, used 26179K [0x00000000c8e00000, 0x0000000100000000)
  region size 1024K, 13 young (13312K), 2 survivors (2048K)
 Metaspace       used 35927K, committed 36096K, reserved 1114112K
  class space    used 4364K, committed 4480K, reserved 1048576K
}
Event: 9.875 GC heap after
{Heap after GC invocations=11 (full 0):
 garbage-first heap   total 46080K, used 17258K [0x00000000c8e00000, 0x0000000100000000)
  region size 1024K, 2 young (2048K), 2 survivors (2048K)
 Metaspace       used 35927K, committed 36096K, reserved 1114112K
  class space    used 4364K, committed 4480K, reserved 1048576K
}
Event: 10.688 GC heap before
{Heap before GC invocations=12 (full 0):
 garbage-first heap   total 46080K, used 32618K [0x00000000c8e00000, 0x0000000100000000)
  region size 1024K, 18 young (18432K), 2 survivors (2048K)
 Metaspace       used 40273K, committed 40512K, reserved 1114112K
  class space    used 4936K, committed 5056K, reserved 1048576K
}
Event: 10.696 GC heap after
{Heap after GC invocations=13 (full 0):
 garbage-first heap   total 46080K, used 18576K [0x00000000c8e00000, 0x0000000100000000)
  region size 1024K, 3 young (3072K), 3 survivors (3072K)
 Metaspace       used 40273K, committed 40512K, reserved 1114112K
  class space    used 4936K, committed 5056K, reserved 1048576K
}
Event: 10.761 GC heap before
{Heap before GC invocations=13 (full 0):
 garbage-first heap   total 46080K, used 19600K [0x00000000c8e00000, 0x0000000100000000)
  region size 1024K, 4 young (4096K), 3 survivors (3072K)
 Metaspace       used 40552K, committed 40768K, reserved 1114112K
  class space    used 4964K, committed 5056K, reserved 1048576K
}
Event: 10.769 GC heap after
{Heap after GC invocations=14 (full 0):
 garbage-first heap   total 46080K, used 18467K [0x00000000c8e00000, 0x0000000100000000)
  region size 1024K, 1 young (1024K), 1 survivors (1024K)
 Metaspace       used 40552K, committed 40768K, reserved 1114112K
  class space    used 4964K, committed 5056K, reserved 1048576K
}
Event: 11.142 GC heap before
{Heap before GC invocations=14 (full 0):
 garbage-first heap   total 46080K, used 32803K [0x00000000c8e00000, 0x0000000100000000)
  region size 1024K, 14 young (14336K), 1 survivors (1024K)
 Metaspace       used 41233K, committed 41408K, reserved 1114112K
  class space    used 5027K, committed 5120K, reserved 1048576K
}
Event: 11.150 GC heap after
{Heap after GC invocations=15 (full 0):
 garbage-first heap   total 46080K, used 23460K [0x00000000c8e00000, 0x0000000100000000)
  region size 1024K, 2 young (2048K), 2 survivors (2048K)
 Metaspace       used 41233K, committed 41408K, reserved 1114112K
  class space    used 5027K, committed 5120K, reserved 1048576K
}
Event: 11.272 GC heap before
{Heap before GC invocations=16 (full 0):
 garbage-first heap   total 48128K, used 34724K [0x00000000c8e00000, 0x0000000100000000)
  region size 1024K, 13 young (13312K), 2 survivors (2048K)
 Metaspace       used 41281K, committed 41472K, reserved 1114112K
  class space    used 5027K, committed 5120K, reserved 1048576K
}
Event: 11.283 GC heap after
{Heap after GC invocations=17 (full 0):
 garbage-first heap   total 48128K, used 26891K [0x00000000c8e00000, 0x0000000100000000)
  region size 1024K, 2 young (2048K), 2 survivors (2048K)
 Metaspace       used 41281K, committed 41472K, reserved 1114112K
  class space    used 5027K, committed 5120K, reserved 1048576K
}
Event: 11.302 GC heap before
{Heap before GC invocations=17 (full 0):
 garbage-first heap   total 48128K, used 27915K [0x00000000c8e00000, 0x0000000100000000)
  region size 1024K, 3 young (3072K), 2 survivors (2048K)
 Metaspace       used 41297K, committed 41472K, reserved 1114112K
  class space    used 5027K, committed 5120K, reserved 1048576K
}
Event: 11.312 GC heap after
{Heap after GC invocations=18 (full 0):
 garbage-first heap   total 48128K, used 27007K [0x00000000c8e00000, 0x0000000100000000)
  region size 1024K, 1 young (1024K), 1 survivors (1024K)
 Metaspace       used 41297K, committed 41472K, reserved 1114112K
  class space    used 5027K, committed 5120K, reserved 1048576K
}
Event: 11.355 GC heap before
{Heap before GC invocations=18 (full 0):
 garbage-first heap   total 48128K, used 36223K [0x00000000c8e00000, 0x0000000100000000)
  region size 1024K, 10 young (10240K), 1 survivors (1024K)
 Metaspace       used 41327K, committed 41472K, reserved 1114112K
  class space    used 5027K, committed 5120K, reserved 1048576K
}
Event: 11.362 GC heap after
{Heap after GC invocations=19 (full 0):
 garbage-first heap   total 114688K, used 28450K [0x00000000c8e00000, 0x0000000100000000)
  region size 1024K, 2 young (2048K), 2 survivors (2048K)
 Metaspace       used 41327K, committed 41472K, reserved 1114112K
  class space    used 5027K, committed 5120K, reserved 1048576K
}
Event: 13.492 GC heap before
{Heap before GC invocations=20 (full 0):
 garbage-first heap   total 106496K, used 76578K [0x00000000c8e00000, 0x0000000100000000)
  region size 1024K, 49 young (50176K), 2 survivors (2048K)
 Metaspace       used 44962K, committed 45184K, reserved 1114112K
  class space    used 5323K, committed 5440K, reserved 1048576K
}
Event: 13.535 GC heap after
{Heap after GC invocations=21 (full 0):
 garbage-first heap   total 106496K, used 35548K [0x00000000c8e00000, 0x0000000100000000)
  region size 1024K, 7 young (7168K), 7 survivors (7168K)
 Metaspace       used 44962K, committed 45184K, reserved 1114112K
  class space    used 5323K, committed 5440K, reserved 1048576K
}
Event: 13.555 GC heap before
{Heap before GC invocations=21 (full 0):
 garbage-first heap   total 106496K, used 36572K [0x00000000c8e00000, 0x0000000100000000)
  region size 1024K, 8 young (8192K), 7 survivors (7168K)
 Metaspace       used 44989K, committed 45184K, reserved 1114112K
  class space    used 5327K, committed 5440K, reserved 1048576K
}
Event: 13.572 GC heap after
{Heap after GC invocations=22 (full 0):
 garbage-first heap   total 106496K, used 36263K [0x00000000c8e00000, 0x0000000100000000)
  region size 1024K, 1 young (1024K), 1 survivors (1024K)
 Metaspace       used 44989K, committed 45184K, reserved 1114112K
  class space    used 5327K, committed 5440K, reserved 1048576K
}

