# JRE version: OpenJDK Runtime Environment (17.0.7) (build 17.0.7+0-b2043.56-10550314)
# Java VM: OpenJDK 64-Bit Server VM (17.0.7+0-b2043.56-10550314, mixed mode, tiered, compressed oops, compressed class ptrs, g1 gc, windows-amd64)
GC Precious Log:
 CPUs: 4 total, 4 available
 Memory: 3521M
 Large Page Support: Disabled
 NUMA Support: Disabled
 Compressed Oops: Enabled (32-bit)
 Heap Region Size: 1M
 Heap Min Capacity: 8M
 Heap Initial Capacity: 56M
 Heap Max Capacity: 2G
 Pre-touch: Disabled
 Parallel Workers: 4
 Concurrent Workers: 1
 Concurrent Refinement Workers: 4
 Periodic GC: Disabled
Heap:
 garbage-first heap   total 249856K, used 160517K [0x0000000080000000, 0x0000000100000000)
  region size 1024K, 3 young (3072K), 3 survivors (3072K)
 Metaspace       used 112007K, committed 112832K, reserved 1179648K
  class space    used 14873K, committed 15296K, reserved 1048576K
GC Heap History (20 events):
Event: 68.158 GC heap after
{Heap after GC invocations=58 (full 0):
 garbage-first heap   total 223232K, used 104888K [0x0000000080000000, 0x0000000100000000)
  region size 1024K, 11 young (11264K), 11 survivors (11264K)
 Metaspace       used 101864K, committed 102592K, reserved 1179648K
  class space    used 13923K, committed 14272K, reserved 1048576K
}
Event: 72.839 GC heap before
{Heap before GC invocations=58 (full 0):
 garbage-first heap   total 223232K, used 173496K [0x0000000080000000, 0x0000000100000000)
  region size 1024K, 79 young (80896K), 11 survivors (11264K)
 Metaspace       used 105182K, committed 105920K, reserved 1179648K
  class space    used 14295K, committed 14656K, reserved 1048576K
}
Event: 72.875 GC heap after
{Heap after GC invocations=59 (full 0):
 garbage-first heap   total 223232K, used 109921K [0x0000000080000000, 0x0000000100000000)
  region size 1024K, 5 young (5120K), 5 survivors (5120K)
 Metaspace       used 105182K, committed 105920K, reserved 1179648K
  class space    used 14295K, committed 14656K, reserved 1048576K
}
Event: 73.752 GC heap before
{Heap before GC invocations=59 (full 0):
 garbage-first heap   total 223232K, used 129377K [0x0000000080000000, 0x0000000100000000)
  region size 1024K, 22 young (22528K), 5 survivors (5120K)
 Metaspace       used 105273K, committed 105984K, reserved 1179648K
  class space    used 14295K, committed 14656K, reserved 1048576K
}
Event: 73.772 GC heap after
{Heap after GC invocations=60 (full 0):
 garbage-first heap   total 223232K, used 117760K [0x0000000080000000, 0x0000000100000000)
  region size 1024K, 9 young (9216K), 9 survivors (9216K)
 Metaspace       used 105273K, committed 105984K, reserved 1179648K
  class space    used 14295K, committed 14656K, reserved 1048576K
}
Event: 75.008 GC heap before
{Heap before GC invocations=60 (full 0):
 garbage-first heap   total 223232K, used 161792K [0x0000000080000000, 0x0000000100000000)
  region size 1024K, 49 young (50176K), 9 survivors (9216K)
 Metaspace       used 105717K, committed 106496K, reserved 1179648K
  class space    used 14328K, committed 14720K, reserved 1048576K
}
Event: 75.041 GC heap after
{Heap after GC invocations=61 (full 0):
 garbage-first heap   total 223232K, used 136192K [0x0000000080000000, 0x0000000100000000)
  region size 1024K, 9 young (9216K), 9 survivors (9216K)
 Metaspace       used 105717K, committed 106496K, reserved 1179648K
  class space    used 14328K, committed 14720K, reserved 1048576K
}
Event: 80.581 GC heap before
{Heap before GC invocations=62 (full 0):
 garbage-first heap   total 249856K, used 180224K [0x0000000080000000, 0x0000000100000000)
  region size 1024K, 44 young (45056K), 9 survivors (9216K)
 Metaspace       used 105989K, committed 106752K, reserved 1179648K
  class space    used 14344K, committed 14720K, reserved 1048576K
}
Event: 80.630 GC heap after
{Heap after GC invocations=63 (full 0):
 garbage-first heap   total 249856K, used 143360K [0x0000000080000000, 0x0000000100000000)
  region size 1024K, 6 young (6144K), 6 survivors (6144K)
 Metaspace       used 105989K, committed 106752K, reserved 1179648K
  class space    used 14344K, committed 14720K, reserved 1048576K
}
Event: 81.146 GC heap before
{Heap before GC invocations=63 (full 0):
 garbage-first heap   total 249856K, used 165888K [0x0000000080000000, 0x0000000100000000)
  region size 1024K, 12 young (12288K), 6 survivors (6144K)
 Metaspace       used 105998K, committed 106752K, reserved 1179648K
  class space    used 14344K, committed 14720K, reserved 1048576K
}
Event: 81.176 GC heap after
{Heap after GC invocations=64 (full 0):
 garbage-first heap   total 249856K, used 146925K [0x0000000080000000, 0x0000000100000000)
  region size 1024K, 2 young (2048K), 2 survivors (2048K)
 Metaspace       used 105998K, committed 106752K, reserved 1179648K
  class space    used 14344K, committed 14720K, reserved 1048576K
}
Event: 83.242 GC heap before
{Heap before GC invocations=64 (full 0):
 garbage-first heap   total 249856K, used 189933K [0x0000000080000000, 0x0000000100000000)
  region size 1024K, 45 young (46080K), 2 survivors (2048K)
 Metaspace       used 107863K, committed 108672K, reserved 1179648K
  class space    used 14497K, committed 14912K, reserved 1048576K
}
Event: 83.258 GC heap after
{Heap after GC invocations=65 (full 0):
 garbage-first heap   total 249856K, used 153992K [0x0000000080000000, 0x0000000100000000)
  region size 1024K, 6 young (6144K), 6 survivors (6144K)
 Metaspace       used 107863K, committed 108672K, reserved 1179648K
  class space    used 14497K, committed 14912K, reserved 1048576K
}
Event: 84.263 GC heap before
{Heap before GC invocations=65 (full 0):
 garbage-first heap   total 249856K, used 194952K [0x0000000080000000, 0x0000000100000000)
  region size 1024K, 47 young (48128K), 6 survivors (6144K)
 Metaspace       used 109772K, committed 110592K, reserved 1179648K
  class space    used 14658K, committed 15104K, reserved 1048576K
}
Event: 84.280 GC heap after
{Heap after GC invocations=66 (full 0):
 garbage-first heap   total 249856K, used 157887K [0x0000000080000000, 0x0000000100000000)
  region size 1024K, 4 young (4096K), 4 survivors (4096K)
 Metaspace       used 109772K, committed 110592K, reserved 1179648K
  class space    used 14658K, committed 15104K, reserved 1048576K
}
Event: 85.017 GC heap before
{Heap before GC invocations=66 (full 0):
 garbage-first heap   total 249856K, used 199871K [0x0000000080000000, 0x0000000100000000)
  region size 1024K, 45 young (46080K), 4 survivors (4096K)
 Metaspace       used 110289K, committed 111104K, reserved 1179648K
  class space    used 14696K, committed 15104K, reserved 1048576K
}
Event: 85.027 GC heap after
{Heap after GC invocations=67 (full 0):
 garbage-first heap   total 249856K, used 159917K [0x0000000080000000, 0x0000000100000000)
  region size 1024K, 3 young (3072K), 3 survivors (3072K)
 Metaspace       used 110289K, committed 111104K, reserved 1179648K
  class space    used 14696K, committed 15104K, reserved 1048576K
}
Event: 86.888 GC heap before
{Heap before GC invocations=67 (full 0):
 garbage-first heap   total 249856K, used 203949K [0x0000000080000000, 0x0000000100000000)
  region size 1024K, 45 young (46080K), 3 survivors (3072K)
 Metaspace       used 111312K, committed 112128K, reserved 1179648K
  class space    used 14796K, committed 15232K, reserved 1048576K
}
Event: 86.911 GC heap after
{Heap after GC invocations=68 (full 0):
 garbage-first heap   total 249856K, used 160731K [0x0000000080000000, 0x0000000100000000)
  region size 1024K, 3 young (3072K), 3 survivors (3072K)
 Metaspace       used 111312K, committed 112128K, reserved 1179648K
  class space    used 14796K, committed 15232K, reserved 1048576K
}
Event: 94.365 GC heap before
{Heap before GC invocations=68 (full 0):
 garbage-first heap   total 249856K, used 204763K [0x0000000080000000, 0x0000000100000000)
  region size 1024K, 47 young (48128K), 3 survivors (3072K)
 Metaspace       used 112007K, committed 112832K, reserved 1179648K
  class space    used 14873K, committed 15296K, reserved 1048576K
}

